[2025-04-08T23:22:37.190+0000] {local_task_job_runner.py:123} INFO - ::group::Pre task execution logs
[2025-04-08T23:22:37.235+0000] {taskinstance.py:2612} INFO - Dependencies all met for dep_context=non-requeueable deps ti=<TaskInstance: extract_raw_data_pipeline.load_raw_data manual__2025-04-08T23:22:27.687381+00:00 [queued]>
[2025-04-08T23:22:37.242+0000] {taskinstance.py:2612} INFO - Dependencies all met for dep_context=requeueable deps ti=<TaskInstance: extract_raw_data_pipeline.load_raw_data manual__2025-04-08T23:22:27.687381+00:00 [queued]>
[2025-04-08T23:22:37.243+0000] {taskinstance.py:2865} INFO - Starting attempt 1 of 1
[2025-04-08T23:22:37.442+0000] {taskinstance.py:2888} INFO - Executing <Task(SQLExecuteQueryOperator): load_raw_data> on 2025-04-08 23:22:27.687381+00:00
[2025-04-08T23:22:37.448+0000] {warnings.py:112} WARNING - /home/***/.local/lib/python3.12/site-packages/***/task/task_runner/standard_task_runner.py:70: DeprecationWarning: This process (pid=1049) is multi-threaded, use of fork() may lead to deadlocks in the child.
  pid = os.fork()

[2025-04-08T23:22:37.450+0000] {standard_task_runner.py:72} INFO - Started process 1051 to run task
[2025-04-08T23:22:37.450+0000] {standard_task_runner.py:104} INFO - Running: ['***', 'tasks', 'run', 'extract_raw_data_pipeline', 'load_raw_data', 'manual__2025-04-08T23:22:27.687381+00:00', '--job-id', '38', '--raw', '--subdir', 'DAGS_FOLDER/driven_data_pipeline.py', '--cfg-path', '/tmp/tmpb8cgkikk']
[2025-04-08T23:22:37.451+0000] {standard_task_runner.py:105} INFO - Job 38: Subtask load_raw_data
[2025-04-08T23:22:37.555+0000] {task_command.py:467} INFO - Running <TaskInstance: extract_raw_data_pipeline.load_raw_data manual__2025-04-08T23:22:27.687381+00:00 [running]> on host 5a8aeda502d0
[2025-04-08T23:22:37.776+0000] {taskinstance.py:3131} INFO - Exporting env vars: AIRFLOW_CTX_DAG_OWNER='***' AIRFLOW_CTX_DAG_ID='extract_raw_data_pipeline' AIRFLOW_CTX_TASK_ID='load_raw_data' AIRFLOW_CTX_EXECUTION_DATE='2025-04-08T23:22:27.687381+00:00' AIRFLOW_CTX_TRY_NUMBER='1' AIRFLOW_CTX_DAG_RUN_ID='manual__2025-04-08T23:22:27.687381+00:00'
[2025-04-08T23:22:37.777+0000] {taskinstance.py:731} INFO - ::endgroup::
[2025-04-08T23:22:37.790+0000] {sql.py:266} INFO - Executing: 
    COPY driven_raw.raw_batch_data(
    person_name, user_name, email, personal_number, birth_date,
    address, phone, mac_address, ip_address, iban, accessed_at,
    session_duration, download_speed, upload_speed, consumed_traffic, unique_id
    ) 
    FROM '/opt/***/data/raw_data.csv' 
    DELIMITER ',' 
    CSV HEADER;
    
[2025-04-08T23:22:37.798+0000] {base.py:84} INFO - Retrieving connection 'postgres_conn'
[2025-04-08T23:22:37.807+0000] {base.py:84} INFO - Retrieving connection 'postgres_conn'
[2025-04-08T23:22:37.811+0000] {sql.py:509} INFO - Running statement: 
    COPY driven_raw.raw_batch_data(
    person_name, user_name, email, personal_number, birth_date,
    address, phone, mac_address, ip_address, iban, accessed_at,
    session_duration, download_speed, upload_speed, consumed_traffic, unique_id
    ) 
    FROM '/opt/***/data/raw_data.csv' 
    DELIMITER ',' 
    CSV HEADER;
    , parameters: None
[2025-04-08T23:22:38.121+0000] {sql.py:518} INFO - Rows affected: 2101
[2025-04-08T23:22:38.390+0000] {taskinstance.py:340} INFO - ::group::Post task execution logs
[2025-04-08T23:22:38.391+0000] {taskinstance.py:352} INFO - Marking task as SUCCESS. dag_id=extract_raw_data_pipeline, task_id=load_raw_data, run_id=manual__2025-04-08T23:22:27.687381+00:00, execution_date=20250408T232227, start_date=20250408T232237, end_date=20250408T232238
[2025-04-08T23:22:38.498+0000] {local_task_job_runner.py:266} INFO - Task exited with return code 0
[2025-04-08T23:22:38.541+0000] {taskinstance.py:3900} INFO - 1 downstream tasks scheduled from follow-on schedule check
[2025-04-08T23:22:38.604+0000] {local_task_job_runner.py:245} INFO - ::endgroup::
