[2025-04-09T16:11:16.033+0000] {local_task_job_runner.py:123} INFO - ::group::Pre task execution logs
[2025-04-09T16:11:16.051+0000] {taskinstance.py:2612} INFO - Dependencies all met for dep_context=non-requeueable deps ti=<TaskInstance: extract_raw_data_pipeline.run_dbt_staging manual__2025-04-09T16:11:06+00:00 [queued]>
[2025-04-09T16:11:16.061+0000] {taskinstance.py:2612} INFO - Dependencies all met for dep_context=requeueable deps ti=<TaskInstance: extract_raw_data_pipeline.run_dbt_staging manual__2025-04-09T16:11:06+00:00 [queued]>
[2025-04-09T16:11:16.062+0000] {taskinstance.py:2865} INFO - Starting attempt 1 of 1
[2025-04-09T16:11:16.192+0000] {taskinstance.py:2888} INFO - Executing <Task(BashOperator): run_dbt_staging> on 2025-04-09 16:11:06+00:00
[2025-04-09T16:11:16.199+0000] {warnings.py:112} WARNING - /home/***/.local/lib/python3.12/site-packages/***/task/task_runner/standard_task_runner.py:70: DeprecationWarning: This process (pid=981) is multi-threaded, use of fork() may lead to deadlocks in the child.
  pid = os.fork()

[2025-04-09T16:11:16.200+0000] {standard_task_runner.py:72} INFO - Started process 983 to run task
[2025-04-09T16:11:16.201+0000] {standard_task_runner.py:104} INFO - Running: ['***', 'tasks', 'run', 'extract_raw_data_pipeline', 'run_dbt_staging', 'manual__2025-04-09T16:11:06+00:00', '--job-id', '91', '--raw', '--subdir', 'DAGS_FOLDER/driven_data_pipeline.py', '--cfg-path', '/tmp/tmp60e2qc1u']
[2025-04-09T16:11:16.202+0000] {standard_task_runner.py:105} INFO - Job 91: Subtask run_dbt_staging
[2025-04-09T16:11:16.289+0000] {task_command.py:467} INFO - Running <TaskInstance: extract_raw_data_pipeline.run_dbt_staging manual__2025-04-09T16:11:06+00:00 [running]> on host 5a8aeda502d0
[2025-04-09T16:11:16.454+0000] {taskinstance.py:3131} INFO - Exporting env vars: AIRFLOW_CTX_DAG_OWNER='***' AIRFLOW_CTX_DAG_ID='extract_raw_data_pipeline' AIRFLOW_CTX_TASK_ID='run_dbt_staging' AIRFLOW_CTX_EXECUTION_DATE='2025-04-09T16:11:06+00:00' AIRFLOW_CTX_TRY_NUMBER='1' AIRFLOW_CTX_DAG_RUN_ID='manual__2025-04-09T16:11:06+00:00'
[2025-04-09T16:11:16.455+0000] {taskinstance.py:731} INFO - ::endgroup::
[2025-04-09T16:11:16.472+0000] {subprocess.py:63} INFO - Tmp dir root location: /tmp
[2025-04-09T16:11:16.476+0000] {subprocess.py:75} INFO - Running command: ['/usr/bin/bash', '-c', 'set -x; cd /opt/***/dbt && dbt run --select tag:staging']
[2025-04-09T16:11:16.490+0000] {subprocess.py:86} INFO - Output:
[2025-04-09T16:11:16.503+0000] {subprocess.py:93} INFO - + cd /opt/***/dbt
[2025-04-09T16:11:16.504+0000] {subprocess.py:93} INFO - + dbt run --select tag:staging
[2025-04-09T16:11:19.721+0000] {subprocess.py:93} INFO - [0m16:11:19  Running with dbt=1.8.0
[2025-04-09T16:11:20.124+0000] {subprocess.py:93} INFO - [0m16:11:20  Registered adapter: postgres=1.8.2
[2025-04-09T16:11:20.985+0000] {subprocess.py:93} INFO - [0m16:11:20  Found 9 models, 10 sources, 428 macros
[2025-04-09T16:11:20.989+0000] {subprocess.py:93} INFO - [0m16:11:20
[2025-04-09T16:11:21.179+0000] {subprocess.py:93} INFO - [0m16:11:21  Concurrency: 1 threads (target='dev')
[2025-04-09T16:11:21.180+0000] {subprocess.py:93} INFO - [0m16:11:21
[2025-04-09T16:11:21.192+0000] {subprocess.py:93} INFO - [0m16:11:21  1 of 5 START sql table model driven_staging.dim_address ........................ [RUN]
[2025-04-09T16:11:23.775+0000] {subprocess.py:93} INFO - [0m16:11:23  1 of 5 OK created sql table model driven_staging.dim_address ................... [[32mSELECT 144391[0m in 2.58s]
[2025-04-09T16:11:23.778+0000] {subprocess.py:93} INFO - [0m16:11:23  2 of 5 START sql table model driven_staging.dim_date ........................... [RUN]
[2025-04-09T16:11:24.782+0000] {subprocess.py:93} INFO - [0m16:11:24  2 of 5 OK created sql table model driven_staging.dim_date ...................... [[32mSELECT 144391[0m in 1.00s]
[2025-04-09T16:11:24.785+0000] {subprocess.py:93} INFO - [0m16:11:24  3 of 5 START sql table model driven_staging.fact_network_usage ................. [RUN]
[2025-04-09T16:11:26.295+0000] {subprocess.py:93} INFO - [0m16:11:26  3 of 5 OK created sql table model driven_staging.fact_network_usage ............ [[32mSELECT 144391[0m in 1.51s]
[2025-04-09T16:11:26.299+0000] {subprocess.py:93} INFO - [0m16:11:26  4 of 5 START sql table model driven_staging.dim_finance ........................ [RUN]
[2025-04-09T16:11:27.685+0000] {subprocess.py:93} INFO - [0m16:11:27  4 of 5 OK created sql table model driven_staging.dim_finance ................... [[32mSELECT 144391[0m in 1.38s]
[2025-04-09T16:11:27.689+0000] {subprocess.py:93} INFO - [0m16:11:27  5 of 5 START sql table model driven_staging.dim_person ......................... [RUN]
[2025-04-09T16:11:30.093+0000] {subprocess.py:93} INFO - [0m16:11:30  5 of 5 OK created sql table model driven_staging.dim_person .................... [[32mSELECT 144391[0m in 2.40s]
[2025-04-09T16:11:30.117+0000] {subprocess.py:93} INFO - [0m16:11:30
[2025-04-09T16:11:30.118+0000] {subprocess.py:93} INFO - [0m16:11:30  Finished running 5 table models in 0 hours 0 minutes and 9.13 seconds (9.13s).
[2025-04-09T16:11:30.188+0000] {subprocess.py:93} INFO - [0m16:11:30
[2025-04-09T16:11:30.189+0000] {subprocess.py:93} INFO - [0m16:11:30  [32mCompleted successfully[0m
[2025-04-09T16:11:30.190+0000] {subprocess.py:93} INFO - [0m16:11:30
[2025-04-09T16:11:30.191+0000] {subprocess.py:93} INFO - [0m16:11:30  Done. PASS=5 WARN=0 ERROR=0 SKIP=0 TOTAL=5
[2025-04-09T16:11:31.060+0000] {subprocess.py:97} INFO - Command exited with return code 0
[2025-04-09T16:11:31.215+0000] {taskinstance.py:340} INFO - ::group::Post task execution logs
[2025-04-09T16:11:31.217+0000] {taskinstance.py:352} INFO - Marking task as SUCCESS. dag_id=extract_raw_data_pipeline, task_id=run_dbt_staging, run_id=manual__2025-04-09T16:11:06+00:00, execution_date=20250409T161106, start_date=20250409T161116, end_date=20250409T161131
[2025-04-09T16:11:31.284+0000] {local_task_job_runner.py:266} INFO - Task exited with return code 0
[2025-04-09T16:11:31.307+0000] {taskinstance.py:3900} INFO - 1 downstream tasks scheduled from follow-on schedule check
[2025-04-09T16:11:31.334+0000] {local_task_job_runner.py:245} INFO - ::endgroup::
