[2025-04-09T14:46:16.017+0000] {local_task_job_runner.py:123} INFO - ::group::Pre task execution logs
[2025-04-09T14:46:16.036+0000] {taskinstance.py:2612} INFO - Dependencies all met for dep_context=non-requeueable deps ti=<TaskInstance: extract_raw_data_pipeline.run_dbt_staging manual__2025-04-09T14:45:57.228215+00:00 [queued]>
[2025-04-09T14:46:16.047+0000] {taskinstance.py:2612} INFO - Dependencies all met for dep_context=requeueable deps ti=<TaskInstance: extract_raw_data_pipeline.run_dbt_staging manual__2025-04-09T14:45:57.228215+00:00 [queued]>
[2025-04-09T14:46:16.051+0000] {taskinstance.py:2865} INFO - Starting attempt 1 of 1
[2025-04-09T14:46:16.280+0000] {taskinstance.py:2888} INFO - Executing <Task(BashOperator): run_dbt_staging> on 2025-04-09 14:45:57.228215+00:00
[2025-04-09T14:46:16.286+0000] {warnings.py:112} WARNING - /home/***/.local/lib/python3.12/site-packages/***/task/task_runner/standard_task_runner.py:70: DeprecationWarning: This process (pid=176) is multi-threaded, use of fork() may lead to deadlocks in the child.
  pid = os.fork()

[2025-04-09T14:46:16.288+0000] {standard_task_runner.py:72} INFO - Started process 178 to run task
[2025-04-09T14:46:16.288+0000] {standard_task_runner.py:104} INFO - Running: ['***', 'tasks', 'run', 'extract_raw_data_pipeline', 'run_dbt_staging', 'manual__2025-04-09T14:45:57.228215+00:00', '--job-id', '56', '--raw', '--subdir', 'DAGS_FOLDER/driven_data_pipeline.py', '--cfg-path', '/tmp/tmpc4qutb18']
[2025-04-09T14:46:16.290+0000] {standard_task_runner.py:105} INFO - Job 56: Subtask run_dbt_staging
[2025-04-09T14:46:16.484+0000] {task_command.py:467} INFO - Running <TaskInstance: extract_raw_data_pipeline.run_dbt_staging manual__2025-04-09T14:45:57.228215+00:00 [running]> on host 5a8aeda502d0
[2025-04-09T14:46:16.661+0000] {taskinstance.py:3131} INFO - Exporting env vars: AIRFLOW_CTX_DAG_OWNER='***' AIRFLOW_CTX_DAG_ID='extract_raw_data_pipeline' AIRFLOW_CTX_TASK_ID='run_dbt_staging' AIRFLOW_CTX_EXECUTION_DATE='2025-04-09T14:45:57.228215+00:00' AIRFLOW_CTX_TRY_NUMBER='1' AIRFLOW_CTX_DAG_RUN_ID='manual__2025-04-09T14:45:57.228215+00:00'
[2025-04-09T14:46:16.662+0000] {taskinstance.py:731} INFO - ::endgroup::
[2025-04-09T14:46:16.675+0000] {subprocess.py:63} INFO - Tmp dir root location: /tmp
[2025-04-09T14:46:16.775+0000] {subprocess.py:75} INFO - Running command: ['/usr/bin/bash', '-c', 'set -x; cd /opt/***/dbt && dbt run --select tag:staging']
[2025-04-09T14:46:16.800+0000] {subprocess.py:86} INFO - Output:
[2025-04-09T14:46:16.893+0000] {subprocess.py:93} INFO - + cd /opt/***/dbt
[2025-04-09T14:46:16.894+0000] {subprocess.py:93} INFO - + dbt run --select tag:staging
[2025-04-09T14:46:38.448+0000] {subprocess.py:93} INFO - [0m14:46:38  Running with dbt=1.8.0
[2025-04-09T14:46:43.536+0000] {subprocess.py:93} INFO - [0m14:46:43  Registered adapter: postgres=1.8.2
[2025-04-09T14:46:47.953+0000] {subprocess.py:93} INFO - [0m14:46:47  Unable to do partial parsing because of a version mismatch
[2025-04-09T14:46:55.191+0000] {subprocess.py:93} INFO - [0m14:46:55  Found 9 models, 10 sources, 428 macros
[2025-04-09T14:46:55.230+0000] {subprocess.py:93} INFO - [0m14:46:55
[2025-04-09T14:46:56.840+0000] {subprocess.py:93} INFO - [0m14:46:56  Concurrency: 1 threads (target='dev')
[2025-04-09T14:46:56.841+0000] {subprocess.py:93} INFO - [0m14:46:56
[2025-04-09T14:46:56.852+0000] {subprocess.py:93} INFO - [0m14:46:56  1 of 5 START sql table model driven_staging.dim_address ........................ [RUN]
[2025-04-09T14:46:59.973+0000] {subprocess.py:93} INFO - [0m14:46:59  1 of 5 OK created sql table model driven_staging.dim_address ................... [[32mSELECT 113363[0m in 3.12s]
[2025-04-09T14:47:00.004+0000] {subprocess.py:93} INFO - [0m14:47:00  2 of 5 START sql table model driven_staging.dim_date ........................... [RUN]
[2025-04-09T14:47:00.555+0000] {subprocess.py:93} INFO - [0m14:47:00  2 of 5 OK created sql table model driven_staging.dim_date ...................... [[32mSELECT 113363[0m in 0.55s]
[2025-04-09T14:47:00.559+0000] {subprocess.py:93} INFO - [0m14:47:00  3 of 5 START sql table model driven_staging.dim_finance ........................ [RUN]
[2025-04-09T14:47:01.634+0000] {subprocess.py:93} INFO - [0m14:47:01  3 of 5 OK created sql table model driven_staging.dim_finance ................... [[32mSELECT 113363[0m in 1.07s]
[2025-04-09T14:47:01.639+0000] {subprocess.py:93} INFO - [0m14:47:01  4 of 5 START sql table model driven_staging.dim_person ......................... [RUN]
[2025-04-09T14:47:03.218+0000] {subprocess.py:93} INFO - [0m14:47:03  4 of 5 OK created sql table model driven_staging.dim_person .................... [[32mSELECT 113363[0m in 1.57s]
[2025-04-09T14:47:03.223+0000] {subprocess.py:93} INFO - [0m14:47:03  5 of 5 START sql table model driven_staging.fact_network_usage ................. [RUN]
[2025-04-09T14:47:04.052+0000] {subprocess.py:93} INFO - [0m14:47:04  5 of 5 OK created sql table model driven_staging.fact_network_usage ............ [[32mSELECT 113363[0m in 0.83s]
[2025-04-09T14:47:04.071+0000] {subprocess.py:93} INFO - [0m14:47:04
[2025-04-09T14:47:04.071+0000] {subprocess.py:93} INFO - [0m14:47:04  Finished running 5 table models in 0 hours 0 minutes and 8.84 seconds (8.84s).
[2025-04-09T14:47:04.178+0000] {subprocess.py:93} INFO - [0m14:47:04
[2025-04-09T14:47:04.180+0000] {subprocess.py:93} INFO - [0m14:47:04  [32mCompleted successfully[0m
[2025-04-09T14:47:04.181+0000] {subprocess.py:93} INFO - [0m14:47:04
[2025-04-09T14:47:04.183+0000] {subprocess.py:93} INFO - [0m14:47:04  Done. PASS=5 WARN=0 ERROR=0 SKIP=0 TOTAL=5
[2025-04-09T14:47:08.961+0000] {subprocess.py:97} INFO - Command exited with return code 0
[2025-04-09T14:47:09.284+0000] {taskinstance.py:340} INFO - ::group::Post task execution logs
[2025-04-09T14:47:09.284+0000] {taskinstance.py:352} INFO - Marking task as SUCCESS. dag_id=extract_raw_data_pipeline, task_id=run_dbt_staging, run_id=manual__2025-04-09T14:45:57.228215+00:00, execution_date=20250409T144557, start_date=20250409T144616, end_date=20250409T144709
[2025-04-09T14:47:09.367+0000] {local_task_job_runner.py:266} INFO - Task exited with return code 0
[2025-04-09T14:47:09.387+0000] {taskinstance.py:3900} INFO - 1 downstream tasks scheduled from follow-on schedule check
[2025-04-09T14:47:09.547+0000] {local_task_job_runner.py:245} INFO - ::endgroup::
