[2025-04-09T16:34:25.583+0000] {local_task_job_runner.py:123} INFO - ::group::Pre task execution logs
[2025-04-09T16:34:25.616+0000] {taskinstance.py:2612} INFO - Dependencies all met for dep_context=non-requeueable deps ti=<TaskInstance: extract_raw_data_pipeline.run_dbt_staging manual__2025-04-09T16:34:15.402601+00:00 [queued]>
[2025-04-09T16:34:25.628+0000] {taskinstance.py:2612} INFO - Dependencies all met for dep_context=requeueable deps ti=<TaskInstance: extract_raw_data_pipeline.run_dbt_staging manual__2025-04-09T16:34:15.402601+00:00 [queued]>
[2025-04-09T16:34:25.628+0000] {taskinstance.py:2865} INFO - Starting attempt 1 of 1
[2025-04-09T16:34:25.753+0000] {taskinstance.py:2888} INFO - Executing <Task(BashOperator): run_dbt_staging> on 2025-04-09 16:34:15.402601+00:00
[2025-04-09T16:34:25.758+0000] {warnings.py:112} WARNING - /home/***/.local/lib/python3.12/site-packages/***/task/task_runner/standard_task_runner.py:70: DeprecationWarning: This process (pid=1321) is multi-threaded, use of fork() may lead to deadlocks in the child.
  pid = os.fork()

[2025-04-09T16:34:25.760+0000] {standard_task_runner.py:72} INFO - Started process 1323 to run task
[2025-04-09T16:34:25.760+0000] {standard_task_runner.py:104} INFO - Running: ['***', 'tasks', 'run', 'extract_raw_data_pipeline', 'run_dbt_staging', 'manual__2025-04-09T16:34:15.402601+00:00', '--job-id', '97', '--raw', '--subdir', 'DAGS_FOLDER/driven_data_pipeline.py', '--cfg-path', '/tmp/tmpflmpkjlc']
[2025-04-09T16:34:25.762+0000] {standard_task_runner.py:105} INFO - Job 97: Subtask run_dbt_staging
[2025-04-09T16:34:25.849+0000] {task_command.py:467} INFO - Running <TaskInstance: extract_raw_data_pipeline.run_dbt_staging manual__2025-04-09T16:34:15.402601+00:00 [running]> on host 5a8aeda502d0
[2025-04-09T16:34:25.986+0000] {taskinstance.py:3131} INFO - Exporting env vars: AIRFLOW_CTX_DAG_OWNER='***' AIRFLOW_CTX_DAG_ID='extract_raw_data_pipeline' AIRFLOW_CTX_TASK_ID='run_dbt_staging' AIRFLOW_CTX_EXECUTION_DATE='2025-04-09T16:34:15.402601+00:00' AIRFLOW_CTX_TRY_NUMBER='1' AIRFLOW_CTX_DAG_RUN_ID='manual__2025-04-09T16:34:15.402601+00:00'
[2025-04-09T16:34:25.987+0000] {taskinstance.py:731} INFO - ::endgroup::
[2025-04-09T16:34:26.001+0000] {subprocess.py:63} INFO - Tmp dir root location: /tmp
[2025-04-09T16:34:26.003+0000] {subprocess.py:75} INFO - Running command: ['/usr/bin/bash', '-c', 'set -x; cd /opt/***/dbt && dbt run --select tag:staging']
[2025-04-09T16:34:26.016+0000] {subprocess.py:86} INFO - Output:
[2025-04-09T16:34:26.023+0000] {subprocess.py:93} INFO - + cd /opt/***/dbt
[2025-04-09T16:34:26.023+0000] {subprocess.py:93} INFO - + dbt run --select tag:staging
[2025-04-09T16:34:29.289+0000] {subprocess.py:93} INFO - [0m16:34:29  Running with dbt=1.8.0
[2025-04-09T16:34:29.708+0000] {subprocess.py:93} INFO - [0m16:34:29  Registered adapter: postgres=1.8.2
[2025-04-09T16:34:30.526+0000] {subprocess.py:93} INFO - [0m16:34:30  Found 9 models, 10 sources, 428 macros
[2025-04-09T16:34:30.532+0000] {subprocess.py:93} INFO - [0m16:34:30
[2025-04-09T16:34:30.757+0000] {subprocess.py:93} INFO - [0m16:34:30  Concurrency: 1 threads (target='dev')
[2025-04-09T16:34:30.758+0000] {subprocess.py:93} INFO - [0m16:34:30
[2025-04-09T16:34:30.777+0000] {subprocess.py:93} INFO - [0m16:34:30  1 of 5 START sql table model driven_staging.dim_address ........................ [RUN]
[2025-04-09T16:34:32.959+0000] {subprocess.py:93} INFO - [0m16:34:32  1 of 5 OK created sql table model driven_staging.dim_address ................... [[32mSELECT 152294[0m in 2.18s]
[2025-04-09T16:34:32.963+0000] {subprocess.py:93} INFO - [0m16:34:32  2 of 5 START sql table model driven_staging.dim_date ........................... [RUN]
[2025-04-09T16:34:34.624+0000] {subprocess.py:93} INFO - [0m16:34:34  2 of 5 OK created sql table model driven_staging.dim_date ...................... [[32mSELECT 152294[0m in 1.66s]
[2025-04-09T16:34:34.627+0000] {subprocess.py:93} INFO - [0m16:34:34  3 of 5 START sql table model driven_staging.fact_network_usage ................. [RUN]
[2025-04-09T16:34:35.980+0000] {subprocess.py:93} INFO - [0m16:34:35  3 of 5 OK created sql table model driven_staging.fact_network_usage ............ [[32mSELECT 152294[0m in 1.35s]
[2025-04-09T16:34:35.984+0000] {subprocess.py:93} INFO - [0m16:34:35  4 of 5 START sql table model driven_staging.dim_finance ........................ [RUN]
[2025-04-09T16:34:37.059+0000] {subprocess.py:93} INFO - [0m16:34:37  4 of 5 OK created sql table model driven_staging.dim_finance ................... [[32mSELECT 152294[0m in 1.07s]
[2025-04-09T16:34:37.062+0000] {subprocess.py:93} INFO - [0m16:34:37  5 of 5 START sql table model driven_staging.dim_person ......................... [RUN]
[2025-04-09T16:34:38.642+0000] {subprocess.py:93} INFO - [0m16:34:38  5 of 5 OK created sql table model driven_staging.dim_person .................... [[32mSELECT 152294[0m in 1.58s]
[2025-04-09T16:34:38.660+0000] {subprocess.py:93} INFO - [0m16:34:38
[2025-04-09T16:34:38.661+0000] {subprocess.py:93} INFO - [0m16:34:38  Finished running 5 table models in 0 hours 0 minutes and 8.13 seconds (8.13s).
[2025-04-09T16:34:38.728+0000] {subprocess.py:93} INFO - [0m16:34:38
[2025-04-09T16:34:38.729+0000] {subprocess.py:93} INFO - [0m16:34:38  [32mCompleted successfully[0m
[2025-04-09T16:34:38.729+0000] {subprocess.py:93} INFO - [0m16:34:38
[2025-04-09T16:34:38.730+0000] {subprocess.py:93} INFO - [0m16:34:38  Done. PASS=5 WARN=0 ERROR=0 SKIP=0 TOTAL=5
[2025-04-09T16:34:39.606+0000] {subprocess.py:97} INFO - Command exited with return code 0
[2025-04-09T16:34:39.677+0000] {taskinstance.py:340} INFO - ::group::Post task execution logs
[2025-04-09T16:34:39.678+0000] {taskinstance.py:352} INFO - Marking task as SUCCESS. dag_id=extract_raw_data_pipeline, task_id=run_dbt_staging, run_id=manual__2025-04-09T16:34:15.402601+00:00, execution_date=20250409T163415, start_date=20250409T163425, end_date=20250409T163439
[2025-04-09T16:34:39.752+0000] {local_task_job_runner.py:266} INFO - Task exited with return code 0
[2025-04-09T16:34:39.772+0000] {taskinstance.py:3900} INFO - 1 downstream tasks scheduled from follow-on schedule check
[2025-04-09T16:34:39.803+0000] {local_task_job_runner.py:245} INFO - ::endgroup::
