[2025-04-08T23:10:39.800+0000] {local_task_job_runner.py:123} INFO - ::group::Pre task execution logs
[2025-04-08T23:10:39.909+0000] {taskinstance.py:2612} INFO - Dependencies all met for dep_context=non-requeueable deps ti=<TaskInstance: extract_raw_data_pipeline.create_raw_table manual__2025-04-08T23:10:19.764475+00:00 [queued]>
[2025-04-08T23:10:39.917+0000] {taskinstance.py:2612} INFO - Dependencies all met for dep_context=requeueable deps ti=<TaskInstance: extract_raw_data_pipeline.create_raw_table manual__2025-04-08T23:10:19.764475+00:00 [queued]>
[2025-04-08T23:10:39.918+0000] {taskinstance.py:2865} INFO - Starting attempt 1 of 1
[2025-04-08T23:10:40.132+0000] {taskinstance.py:2888} INFO - Executing <Task(SQLExecuteQueryOperator): create_raw_table> on 2025-04-08 23:10:19.764475+00:00
[2025-04-08T23:10:40.137+0000] {warnings.py:112} WARNING - /home/***/.local/lib/python3.12/site-packages/***/task/task_runner/standard_task_runner.py:70: DeprecationWarning: This process (pid=833) is multi-threaded, use of fork() may lead to deadlocks in the child.
  pid = os.fork()

[2025-04-08T23:10:40.139+0000] {standard_task_runner.py:72} INFO - Started process 835 to run task
[2025-04-08T23:10:40.140+0000] {standard_task_runner.py:104} INFO - Running: ['***', 'tasks', 'run', 'extract_raw_data_pipeline', 'create_raw_table', 'manual__2025-04-08T23:10:19.764475+00:00', '--job-id', '27', '--raw', '--subdir', 'DAGS_FOLDER/driven_data_pipeline.py', '--cfg-path', '/tmp/tmpzh8z9fgf']
[2025-04-08T23:10:40.142+0000] {standard_task_runner.py:105} INFO - Job 27: Subtask create_raw_table
[2025-04-08T23:10:40.258+0000] {task_command.py:467} INFO - Running <TaskInstance: extract_raw_data_pipeline.create_raw_table manual__2025-04-08T23:10:19.764475+00:00 [running]> on host 5a8aeda502d0
[2025-04-08T23:10:40.472+0000] {taskinstance.py:3131} INFO - Exporting env vars: AIRFLOW_CTX_DAG_OWNER='***' AIRFLOW_CTX_DAG_ID='extract_raw_data_pipeline' AIRFLOW_CTX_TASK_ID='create_raw_table' AIRFLOW_CTX_EXECUTION_DATE='2025-04-08T23:10:19.764475+00:00' AIRFLOW_CTX_TRY_NUMBER='1' AIRFLOW_CTX_DAG_RUN_ID='manual__2025-04-08T23:10:19.764475+00:00'
[2025-04-08T23:10:40.473+0000] {taskinstance.py:731} INFO - ::endgroup::
[2025-04-08T23:10:40.499+0000] {sql.py:266} INFO - Executing: 
        CREATE TABLE IF NOT EXISTS raw_source.raw_batch_data (
            person_name VARCHAR(100),
            user_name VARCHAR(100),
            email VARCHAR(100),
            personal_number NUMERIC, 
            birth_date VARCHAR(100), 
            address VARCHAR(100),
            phone VARCHAR(100), 
            mac_address VARCHAR(100),
            ip_address VARCHAR(100),
            iban VARCHAR(100),
            accessed_at TIMESTAMP,
            session_duration INT,
            download_speed INT,
            upload_speed INT,
            consumed_traffic INT,
            unique_id VARCHAR(100)
        );
    
[2025-04-08T23:10:40.526+0000] {base.py:84} INFO - Retrieving connection 'postgres_conn'
[2025-04-08T23:10:40.539+0000] {base.py:84} INFO - Retrieving connection 'postgres_conn'
[2025-04-08T23:10:40.557+0000] {sql.py:509} INFO - Running statement: 
        CREATE TABLE IF NOT EXISTS raw_source.raw_batch_data (
            person_name VARCHAR(100),
            user_name VARCHAR(100),
            email VARCHAR(100),
            personal_number NUMERIC, 
            birth_date VARCHAR(100), 
            address VARCHAR(100),
            phone VARCHAR(100), 
            mac_address VARCHAR(100),
            ip_address VARCHAR(100),
            iban VARCHAR(100),
            accessed_at TIMESTAMP,
            session_duration INT,
            download_speed INT,
            upload_speed INT,
            consumed_traffic INT,
            unique_id VARCHAR(100)
        );
    , parameters: None
[2025-04-08T23:10:42.950+0000] {taskinstance.py:340} INFO - ::group::Post task execution logs
[2025-04-08T23:10:42.951+0000] {taskinstance.py:352} INFO - Marking task as SUCCESS. dag_id=extract_raw_data_pipeline, task_id=create_raw_table, run_id=manual__2025-04-08T23:10:19.764475+00:00, execution_date=20250408T231019, start_date=20250408T231039, end_date=20250408T231042
[2025-04-08T23:10:43.065+0000] {local_task_job_runner.py:266} INFO - Task exited with return code 0
[2025-04-08T23:10:43.105+0000] {taskinstance.py:3900} INFO - 1 downstream tasks scheduled from follow-on schedule check
[2025-04-08T23:10:43.161+0000] {local_task_job_runner.py:245} INFO - ::endgroup::
