[2025-04-09T15:20:29.129+0000] {local_task_job_runner.py:123} INFO - ::group::Pre task execution logs
[2025-04-09T15:20:29.145+0000] {taskinstance.py:2612} INFO - Dependencies all met for dep_context=non-requeueable deps ti=<TaskInstance: extract_raw_data_pipeline.create_raw_table manual__2025-04-09T15:20:21.245907+00:00 [queued]>
[2025-04-09T15:20:29.154+0000] {taskinstance.py:2612} INFO - Dependencies all met for dep_context=requeueable deps ti=<TaskInstance: extract_raw_data_pipeline.create_raw_table manual__2025-04-09T15:20:21.245907+00:00 [queued]>
[2025-04-09T15:20:29.155+0000] {taskinstance.py:2865} INFO - Starting attempt 1 of 1
[2025-04-09T15:20:29.274+0000] {taskinstance.py:2888} INFO - Executing <Task(SQLExecuteQueryOperator): create_raw_table> on 2025-04-09 15:20:21.245907+00:00
[2025-04-09T15:20:29.280+0000] {warnings.py:112} WARNING - /home/***/.local/lib/python3.12/site-packages/***/task/task_runner/standard_task_runner.py:70: DeprecationWarning: This process (pid=108) is multi-threaded, use of fork() may lead to deadlocks in the child.
  pid = os.fork()

[2025-04-09T15:20:29.281+0000] {standard_task_runner.py:72} INFO - Started process 110 to run task
[2025-04-09T15:20:29.281+0000] {standard_task_runner.py:104} INFO - Running: ['***', 'tasks', 'run', 'extract_raw_data_pipeline', 'create_raw_table', 'manual__2025-04-09T15:20:21.245907+00:00', '--job-id', '62', '--raw', '--subdir', 'DAGS_FOLDER/driven_data_pipeline.py', '--cfg-path', '/tmp/tmp22b_s93f']
[2025-04-09T15:20:29.282+0000] {standard_task_runner.py:105} INFO - Job 62: Subtask create_raw_table
[2025-04-09T15:20:29.369+0000] {task_command.py:467} INFO - Running <TaskInstance: extract_raw_data_pipeline.create_raw_table manual__2025-04-09T15:20:21.245907+00:00 [running]> on host 5a8aeda502d0
[2025-04-09T15:20:29.506+0000] {taskinstance.py:3131} INFO - Exporting env vars: AIRFLOW_CTX_DAG_OWNER='***' AIRFLOW_CTX_DAG_ID='extract_raw_data_pipeline' AIRFLOW_CTX_TASK_ID='create_raw_table' AIRFLOW_CTX_EXECUTION_DATE='2025-04-09T15:20:21.245907+00:00' AIRFLOW_CTX_TRY_NUMBER='1' AIRFLOW_CTX_DAG_RUN_ID='manual__2025-04-09T15:20:21.245907+00:00'
[2025-04-09T15:20:29.507+0000] {taskinstance.py:731} INFO - ::endgroup::
[2025-04-09T15:20:29.523+0000] {sql.py:266} INFO - Executing: 
        CREATE TABLE IF NOT EXISTS driven_raw.raw_batch_data (
            person_name VARCHAR(100),
            user_name VARCHAR(100),
            email VARCHAR(100),
            personal_number NUMERIC, 
            birth_date VARCHAR(100), 
            address VARCHAR(100),
            phone VARCHAR(100), 
            mac_address VARCHAR(100),
            ip_address VARCHAR(100),
            iban VARCHAR(100),
            accessed_at TIMESTAMP,
            session_duration INT,
            download_speed INT,
            upload_speed INT,
            consumed_traffic INT,
            unique_id VARCHAR(100)
        );
    
[2025-04-09T15:20:29.535+0000] {base.py:84} INFO - Retrieving connection 'postgres_conn'
[2025-04-09T15:20:29.547+0000] {base.py:84} INFO - Retrieving connection 'postgres_conn'
[2025-04-09T15:20:29.553+0000] {sql.py:509} INFO - Running statement: 
        CREATE TABLE IF NOT EXISTS driven_raw.raw_batch_data (
            person_name VARCHAR(100),
            user_name VARCHAR(100),
            email VARCHAR(100),
            personal_number NUMERIC, 
            birth_date VARCHAR(100), 
            address VARCHAR(100),
            phone VARCHAR(100), 
            mac_address VARCHAR(100),
            ip_address VARCHAR(100),
            iban VARCHAR(100),
            accessed_at TIMESTAMP,
            session_duration INT,
            download_speed INT,
            upload_speed INT,
            consumed_traffic INT,
            unique_id VARCHAR(100)
        );
    , parameters: None
[2025-04-09T15:20:29.572+0000] {taskinstance.py:340} INFO - ::group::Post task execution logs
[2025-04-09T15:20:29.573+0000] {taskinstance.py:352} INFO - Marking task as SUCCESS. dag_id=extract_raw_data_pipeline, task_id=create_raw_table, run_id=manual__2025-04-09T15:20:21.245907+00:00, execution_date=20250409T152021, start_date=20250409T152029, end_date=20250409T152029
[2025-04-09T15:20:29.659+0000] {local_task_job_runner.py:266} INFO - Task exited with return code 0
[2025-04-09T15:20:29.684+0000] {taskinstance.py:3900} INFO - 1 downstream tasks scheduled from follow-on schedule check
[2025-04-09T15:20:29.718+0000] {local_task_job_runner.py:245} INFO - ::endgroup::
