[2025-04-09T15:43:47.557+0000] {local_task_job_runner.py:123} INFO - ::group::Pre task execution logs
[2025-04-09T15:43:47.573+0000] {taskinstance.py:2612} INFO - Dependencies all met for dep_context=non-requeueable deps ti=<TaskInstance: extract_raw_data_pipeline.run_dbt_staging manual__2025-04-09T15:43:36.468087+00:00 [queued]>
[2025-04-09T15:43:47.581+0000] {taskinstance.py:2612} INFO - Dependencies all met for dep_context=requeueable deps ti=<TaskInstance: extract_raw_data_pipeline.run_dbt_staging manual__2025-04-09T15:43:36.468087+00:00 [queued]>
[2025-04-09T15:43:47.582+0000] {taskinstance.py:2865} INFO - Starting attempt 1 of 1
[2025-04-09T15:43:47.708+0000] {taskinstance.py:2888} INFO - Executing <Task(BashOperator): run_dbt_staging> on 2025-04-09 15:43:36.468087+00:00
[2025-04-09T15:43:47.715+0000] {warnings.py:112} WARNING - /home/***/.local/lib/python3.12/site-packages/***/task/task_runner/standard_task_runner.py:70: DeprecationWarning: This process (pid=568) is multi-threaded, use of fork() may lead to deadlocks in the child.
  pid = os.fork()

[2025-04-09T15:43:47.717+0000] {standard_task_runner.py:72} INFO - Started process 570 to run task
[2025-04-09T15:43:47.717+0000] {standard_task_runner.py:104} INFO - Running: ['***', 'tasks', 'run', 'extract_raw_data_pipeline', 'run_dbt_staging', 'manual__2025-04-09T15:43:36.468087+00:00', '--job-id', '85', '--raw', '--subdir', 'DAGS_FOLDER/driven_data_pipeline.py', '--cfg-path', '/tmp/tmp4n6r7fq1']
[2025-04-09T15:43:47.718+0000] {standard_task_runner.py:105} INFO - Job 85: Subtask run_dbt_staging
[2025-04-09T15:43:47.795+0000] {task_command.py:467} INFO - Running <TaskInstance: extract_raw_data_pipeline.run_dbt_staging manual__2025-04-09T15:43:36.468087+00:00 [running]> on host 5a8aeda502d0
[2025-04-09T15:43:47.925+0000] {taskinstance.py:3131} INFO - Exporting env vars: AIRFLOW_CTX_DAG_OWNER='***' AIRFLOW_CTX_DAG_ID='extract_raw_data_pipeline' AIRFLOW_CTX_TASK_ID='run_dbt_staging' AIRFLOW_CTX_EXECUTION_DATE='2025-04-09T15:43:36.468087+00:00' AIRFLOW_CTX_TRY_NUMBER='1' AIRFLOW_CTX_DAG_RUN_ID='manual__2025-04-09T15:43:36.468087+00:00'
[2025-04-09T15:43:47.926+0000] {taskinstance.py:731} INFO - ::endgroup::
[2025-04-09T15:43:47.939+0000] {subprocess.py:63} INFO - Tmp dir root location: /tmp
[2025-04-09T15:43:47.941+0000] {subprocess.py:75} INFO - Running command: ['/usr/bin/bash', '-c', 'set -x; cd /opt/***/dbt && dbt run --select tag:staging']
[2025-04-09T15:43:47.951+0000] {subprocess.py:86} INFO - Output:
[2025-04-09T15:43:47.957+0000] {subprocess.py:93} INFO - + cd /opt/***/dbt
[2025-04-09T15:43:47.958+0000] {subprocess.py:93} INFO - + dbt run --select tag:staging
[2025-04-09T15:43:50.421+0000] {subprocess.py:93} INFO - [0m15:43:50  Running with dbt=1.8.0
[2025-04-09T15:43:50.742+0000] {subprocess.py:93} INFO - [0m15:43:50  Registered adapter: postgres=1.8.2
[2025-04-09T15:43:51.543+0000] {subprocess.py:93} INFO - [0m15:43:51  Found 9 models, 10 sources, 428 macros
[2025-04-09T15:43:51.547+0000] {subprocess.py:93} INFO - [0m15:43:51
[2025-04-09T15:43:51.692+0000] {subprocess.py:93} INFO - [0m15:43:51  Concurrency: 1 threads (target='dev')
[2025-04-09T15:43:51.693+0000] {subprocess.py:93} INFO - [0m15:43:51
[2025-04-09T15:43:51.704+0000] {subprocess.py:93} INFO - [0m15:43:51  1 of 5 START sql table model driven_staging.dim_address ........................ [RUN]
[2025-04-09T15:43:53.269+0000] {subprocess.py:93} INFO - [0m15:43:53  1 of 5 OK created sql table model driven_staging.dim_address ................... [[32mSELECT 137378[0m in 1.56s]
[2025-04-09T15:43:53.273+0000] {subprocess.py:93} INFO - [0m15:43:53  2 of 5 START sql table model driven_staging.dim_date ........................... [RUN]
[2025-04-09T15:43:54.134+0000] {subprocess.py:93} INFO - [0m15:43:54  2 of 5 OK created sql table model driven_staging.dim_date ...................... [[32mSELECT 137378[0m in 0.86s]
[2025-04-09T15:43:54.138+0000] {subprocess.py:93} INFO - [0m15:43:54  3 of 5 START sql table model driven_staging.fact_network_usage ................. [RUN]
[2025-04-09T15:43:54.971+0000] {subprocess.py:93} INFO - [0m15:43:54  3 of 5 OK created sql table model driven_staging.fact_network_usage ............ [[32mSELECT 137378[0m in 0.83s]
[2025-04-09T15:43:54.977+0000] {subprocess.py:93} INFO - [0m15:43:54  4 of 5 START sql table model driven_staging.dim_finance ........................ [RUN]
[2025-04-09T15:43:55.657+0000] {subprocess.py:93} INFO - [0m15:43:55  4 of 5 OK created sql table model driven_staging.dim_finance ................... [[32mSELECT 137378[0m in 0.68s]
[2025-04-09T15:43:55.661+0000] {subprocess.py:93} INFO - [0m15:43:55  5 of 5 START sql table model driven_staging.dim_person ......................... [RUN]
[2025-04-09T15:43:56.893+0000] {subprocess.py:93} INFO - [0m15:43:56  5 of 5 OK created sql table model driven_staging.dim_person .................... [[32mSELECT 137378[0m in 1.23s]
[2025-04-09T15:43:56.912+0000] {subprocess.py:93} INFO - [0m15:43:56
[2025-04-09T15:43:56.914+0000] {subprocess.py:93} INFO - [0m15:43:56  Finished running 5 table models in 0 hours 0 minutes and 5.36 seconds (5.36s).
[2025-04-09T15:43:56.982+0000] {subprocess.py:93} INFO - [0m15:43:56
[2025-04-09T15:43:56.983+0000] {subprocess.py:93} INFO - [0m15:43:56  [32mCompleted successfully[0m
[2025-04-09T15:43:56.984+0000] {subprocess.py:93} INFO - [0m15:43:56
[2025-04-09T15:43:56.985+0000] {subprocess.py:93} INFO - [0m15:43:56  Done. PASS=5 WARN=0 ERROR=0 SKIP=0 TOTAL=5
[2025-04-09T15:43:57.892+0000] {subprocess.py:97} INFO - Command exited with return code 0
[2025-04-09T15:43:58.001+0000] {taskinstance.py:340} INFO - ::group::Post task execution logs
[2025-04-09T15:43:58.002+0000] {taskinstance.py:352} INFO - Marking task as SUCCESS. dag_id=extract_raw_data_pipeline, task_id=run_dbt_staging, run_id=manual__2025-04-09T15:43:36.468087+00:00, execution_date=20250409T154336, start_date=20250409T154347, end_date=20250409T154358
[2025-04-09T15:43:58.050+0000] {local_task_job_runner.py:266} INFO - Task exited with return code 0
[2025-04-09T15:43:58.071+0000] {taskinstance.py:3900} INFO - 1 downstream tasks scheduled from follow-on schedule check
[2025-04-09T15:43:58.096+0000] {local_task_job_runner.py:245} INFO - ::endgroup::
