[2025-04-08T23:22:30.175+0000] {local_task_job_runner.py:123} INFO - ::group::Pre task execution logs
[2025-04-08T23:22:30.194+0000] {taskinstance.py:2612} INFO - Dependencies all met for dep_context=non-requeueable deps ti=<TaskInstance: extract_raw_data_pipeline.extract_raw_data manual__2025-04-08T23:22:27.687381+00:00 [queued]>
[2025-04-08T23:22:30.203+0000] {taskinstance.py:2612} INFO - Dependencies all met for dep_context=requeueable deps ti=<TaskInstance: extract_raw_data_pipeline.extract_raw_data manual__2025-04-08T23:22:27.687381+00:00 [queued]>
[2025-04-08T23:22:30.204+0000] {taskinstance.py:2865} INFO - Starting attempt 1 of 1
[2025-04-08T23:22:30.518+0000] {taskinstance.py:2888} INFO - Executing <Task(PythonOperator): extract_raw_data> on 2025-04-08 23:22:27.687381+00:00
[2025-04-08T23:22:30.580+0000] {standard_task_runner.py:104} INFO - Running: ['***', 'tasks', 'run', 'extract_raw_data_pipeline', 'extract_raw_data', 'manual__2025-04-08T23:22:27.687381+00:00', '--job-id', '35', '--raw', '--subdir', 'DAGS_FOLDER/driven_data_pipeline.py', '--cfg-path', '/tmp/tmp_u7yxamj']
[2025-04-08T23:22:30.582+0000] {standard_task_runner.py:105} INFO - Job 35: Subtask extract_raw_data
[2025-04-08T23:22:30.591+0000] {warnings.py:112} WARNING - /home/***/.local/lib/python3.12/site-packages/***/task/task_runner/standard_task_runner.py:70: DeprecationWarning: This process (pid=1029) is multi-threaded, use of fork() may lead to deadlocks in the child.
  pid = os.fork()

[2025-04-08T23:22:30.592+0000] {standard_task_runner.py:72} INFO - Started process 1033 to run task
[2025-04-08T23:22:30.675+0000] {task_command.py:467} INFO - Running <TaskInstance: extract_raw_data_pipeline.extract_raw_data manual__2025-04-08T23:22:27.687381+00:00 [running]> on host 5a8aeda502d0
[2025-04-08T23:22:30.836+0000] {taskinstance.py:3131} INFO - Exporting env vars: AIRFLOW_CTX_DAG_OWNER='***' AIRFLOW_CTX_DAG_ID='extract_raw_data_pipeline' AIRFLOW_CTX_TASK_ID='extract_raw_data' AIRFLOW_CTX_EXECUTION_DATE='2025-04-08T23:22:27.687381+00:00' AIRFLOW_CTX_TRY_NUMBER='1' AIRFLOW_CTX_DAG_RUN_ID='manual__2025-04-08T23:22:27.687381+00:00'
[2025-04-08T23:22:30.838+0000] {taskinstance.py:731} INFO - ::endgroup::
[2025-04-08T23:22:30.854+0000] {driven_data_pipeline.py:147} INFO - Started batch processing for 2025-04-08.
[2025-04-08T23:22:30.854+0000] {driven_data_pipeline.py:34} INFO - Created synthetic data for RO country code.
[2025-04-08T23:22:31.642+0000] {driven_data_pipeline.py:104} INFO - Written 2101 records to the CSV file.
[2025-04-08T23:22:31.873+0000] {driven_data_pipeline.py:120} INFO - Added UUID to the dataset.
[2025-04-08T23:22:33.206+0000] {driven_data_pipeline.py:139} INFO - Updated accessed timestamp.
[2025-04-08T23:22:33.207+0000] {driven_data_pipeline.py:155} INFO - Finished batch processing 2025-04-08.
[2025-04-08T23:22:33.208+0000] {python.py:240} INFO - Done. Returned value was: None
[2025-04-08T23:22:33.218+0000] {taskinstance.py:340} INFO - ::group::Post task execution logs
[2025-04-08T23:22:33.219+0000] {taskinstance.py:352} INFO - Marking task as SUCCESS. dag_id=extract_raw_data_pipeline, task_id=extract_raw_data, run_id=manual__2025-04-08T23:22:27.687381+00:00, execution_date=20250408T232227, start_date=20250408T232230, end_date=20250408T232233
[2025-04-08T23:22:33.466+0000] {local_task_job_runner.py:266} INFO - Task exited with return code 0
[2025-04-08T23:22:33.492+0000] {taskinstance.py:3900} INFO - 1 downstream tasks scheduled from follow-on schedule check
[2025-04-08T23:22:33.540+0000] {local_task_job_runner.py:245} INFO - ::endgroup::
