[2025-04-08T23:13:14.240+0000] {local_task_job_runner.py:123} INFO - ::group::Pre task execution logs
[2025-04-08T23:13:14.288+0000] {taskinstance.py:2612} INFO - Dependencies all met for dep_context=non-requeueable deps ti=<TaskInstance: extract_raw_data_pipeline.create_raw_schema manual__2025-04-08T23:12:51.000773+00:00 [queued]>
[2025-04-08T23:13:14.296+0000] {taskinstance.py:2612} INFO - Dependencies all met for dep_context=requeueable deps ti=<TaskInstance: extract_raw_data_pipeline.create_raw_schema manual__2025-04-08T23:12:51.000773+00:00 [queued]>
[2025-04-08T23:13:14.297+0000] {taskinstance.py:2865} INFO - Starting attempt 1 of 1
[2025-04-08T23:13:14.438+0000] {taskinstance.py:2888} INFO - Executing <Task(SQLExecuteQueryOperator): create_raw_schema> on 2025-04-08 23:12:51.000773+00:00
[2025-04-08T23:13:14.706+0000] {warnings.py:112} WARNING - /home/***/.local/lib/python3.12/site-packages/***/task/task_runner/standard_task_runner.py:70: DeprecationWarning: This process (pid=881) is multi-threaded, use of fork() may lead to deadlocks in the child.
  pid = os.fork()

[2025-04-08T23:13:14.708+0000] {standard_task_runner.py:72} INFO - Started process 891 to run task
[2025-04-08T23:13:14.708+0000] {standard_task_runner.py:104} INFO - Running: ['***', 'tasks', 'run', 'extract_raw_data_pipeline', 'create_raw_schema', 'manual__2025-04-08T23:12:51.000773+00:00', '--job-id', '31', '--raw', '--subdir', 'DAGS_FOLDER/driven_data_pipeline.py', '--cfg-path', '/tmp/tmpb_567klv']
[2025-04-08T23:13:14.709+0000] {standard_task_runner.py:105} INFO - Job 31: Subtask create_raw_schema
[2025-04-08T23:13:14.850+0000] {task_command.py:467} INFO - Running <TaskInstance: extract_raw_data_pipeline.create_raw_schema manual__2025-04-08T23:12:51.000773+00:00 [running]> on host 5a8aeda502d0
[2025-04-08T23:13:15.320+0000] {taskinstance.py:3131} INFO - Exporting env vars: AIRFLOW_CTX_DAG_OWNER='***' AIRFLOW_CTX_DAG_ID='extract_raw_data_pipeline' AIRFLOW_CTX_TASK_ID='create_raw_schema' AIRFLOW_CTX_EXECUTION_DATE='2025-04-08T23:12:51.000773+00:00' AIRFLOW_CTX_TRY_NUMBER='1' AIRFLOW_CTX_DAG_RUN_ID='manual__2025-04-08T23:12:51.000773+00:00'
[2025-04-08T23:13:15.322+0000] {taskinstance.py:731} INFO - ::endgroup::
[2025-04-08T23:13:15.335+0000] {sql.py:266} INFO - Executing: CREATE SCHEMA IF NOT EXISTS raw;
[2025-04-08T23:13:15.344+0000] {base.py:84} INFO - Retrieving connection 'postgres_conn'
[2025-04-08T23:13:15.355+0000] {base.py:84} INFO - Retrieving connection 'postgres_conn'
[2025-04-08T23:13:15.523+0000] {sql.py:509} INFO - Running statement: CREATE SCHEMA IF NOT EXISTS raw;, parameters: None
[2025-04-08T23:13:15.750+0000] {taskinstance.py:340} INFO - ::group::Post task execution logs
[2025-04-08T23:13:15.751+0000] {taskinstance.py:352} INFO - Marking task as SUCCESS. dag_id=extract_raw_data_pipeline, task_id=create_raw_schema, run_id=manual__2025-04-08T23:12:51.000773+00:00, execution_date=20250408T231251, start_date=20250408T231314, end_date=20250408T231315
[2025-04-08T23:13:16.051+0000] {local_task_job_runner.py:266} INFO - Task exited with return code 0
[2025-04-08T23:13:16.311+0000] {taskinstance.py:3900} INFO - 1 downstream tasks scheduled from follow-on schedule check
[2025-04-08T23:13:16.429+0000] {local_task_job_runner.py:245} INFO - ::endgroup::
