[2025-04-09T15:25:52.597+0000] {local_task_job_runner.py:123} INFO - ::group::Pre task execution logs
[2025-04-09T15:25:52.615+0000] {taskinstance.py:2612} INFO - Dependencies all met for dep_context=non-requeueable deps ti=<TaskInstance: extract_raw_data_pipeline.run_dbt_staging manual__2025-04-09T15:25:43.596840+00:00 [queued]>
[2025-04-09T15:25:52.625+0000] {taskinstance.py:2612} INFO - Dependencies all met for dep_context=requeueable deps ti=<TaskInstance: extract_raw_data_pipeline.run_dbt_staging manual__2025-04-09T15:25:43.596840+00:00 [queued]>
[2025-04-09T15:25:52.626+0000] {taskinstance.py:2865} INFO - Starting attempt 1 of 1
[2025-04-09T15:25:52.712+0000] {taskinstance.py:2888} INFO - Executing <Task(BashOperator): run_dbt_staging> on 2025-04-09 15:25:43.596840+00:00
[2025-04-09T15:25:52.718+0000] {warnings.py:112} WARNING - /home/***/.local/lib/python3.12/site-packages/***/task/task_runner/standard_task_runner.py:70: DeprecationWarning: This process (pid=282) is multi-threaded, use of fork() may lead to deadlocks in the child.
  pid = os.fork()

[2025-04-09T15:25:52.720+0000] {standard_task_runner.py:72} INFO - Started process 284 to run task
[2025-04-09T15:25:52.719+0000] {standard_task_runner.py:104} INFO - Running: ['***', 'tasks', 'run', 'extract_raw_data_pipeline', 'run_dbt_staging', 'manual__2025-04-09T15:25:43.596840+00:00', '--job-id', '79', '--raw', '--subdir', 'DAGS_FOLDER/driven_data_pipeline.py', '--cfg-path', '/tmp/tmpqze9utn5']
[2025-04-09T15:25:52.721+0000] {standard_task_runner.py:105} INFO - Job 79: Subtask run_dbt_staging
[2025-04-09T15:25:52.796+0000] {task_command.py:467} INFO - Running <TaskInstance: extract_raw_data_pipeline.run_dbt_staging manual__2025-04-09T15:25:43.596840+00:00 [running]> on host 5a8aeda502d0
[2025-04-09T15:25:52.931+0000] {taskinstance.py:3131} INFO - Exporting env vars: AIRFLOW_CTX_DAG_OWNER='***' AIRFLOW_CTX_DAG_ID='extract_raw_data_pipeline' AIRFLOW_CTX_TASK_ID='run_dbt_staging' AIRFLOW_CTX_EXECUTION_DATE='2025-04-09T15:25:43.596840+00:00' AIRFLOW_CTX_TRY_NUMBER='1' AIRFLOW_CTX_DAG_RUN_ID='manual__2025-04-09T15:25:43.596840+00:00'
[2025-04-09T15:25:52.932+0000] {taskinstance.py:731} INFO - ::endgroup::
[2025-04-09T15:25:52.947+0000] {subprocess.py:63} INFO - Tmp dir root location: /tmp
[2025-04-09T15:25:52.948+0000] {subprocess.py:75} INFO - Running command: ['/usr/bin/bash', '-c', 'set -x; cd /opt/***/dbt && dbt run --select tag:staging']
[2025-04-09T15:25:52.961+0000] {subprocess.py:86} INFO - Output:
[2025-04-09T15:25:52.963+0000] {subprocess.py:93} INFO - + cd /opt/***/dbt
[2025-04-09T15:25:52.964+0000] {subprocess.py:93} INFO - + dbt run --select tag:staging
[2025-04-09T15:25:55.599+0000] {subprocess.py:93} INFO - [0m15:25:55  Running with dbt=1.8.0
[2025-04-09T15:25:55.908+0000] {subprocess.py:93} INFO - [0m15:25:55  Registered adapter: postgres=1.8.2
[2025-04-09T15:25:56.165+0000] {subprocess.py:93} INFO - [0m15:25:56  Unable to do partial parsing because of a version mismatch
[2025-04-09T15:25:58.490+0000] {subprocess.py:93} INFO - [0m15:25:58  Found 9 models, 10 sources, 428 macros
[2025-04-09T15:25:58.493+0000] {subprocess.py:93} INFO - [0m15:25:58
[2025-04-09T15:25:58.975+0000] {subprocess.py:93} INFO - [0m15:25:58  Concurrency: 1 threads (target='dev')
[2025-04-09T15:25:58.976+0000] {subprocess.py:93} INFO - [0m15:25:58
[2025-04-09T15:25:58.987+0000] {subprocess.py:93} INFO - [0m15:25:58  1 of 5 START sql table model driven_staging.dim_address ........................ [RUN]
[2025-04-09T15:26:00.522+0000] {subprocess.py:93} INFO - [0m15:26:00  1 of 5 OK created sql table model driven_staging.dim_address ................... [[32mSELECT 131012[0m in 1.53s]
[2025-04-09T15:26:00.525+0000] {subprocess.py:93} INFO - [0m15:26:00  2 of 5 START sql table model driven_staging.dim_date ........................... [RUN]
[2025-04-09T15:26:00.960+0000] {subprocess.py:93} INFO - [0m15:26:00  2 of 5 OK created sql table model driven_staging.dim_date ...................... [[32mSELECT 131012[0m in 0.43s]
[2025-04-09T15:26:00.964+0000] {subprocess.py:93} INFO - [0m15:26:00  3 of 5 START sql table model driven_staging.dim_finance ........................ [RUN]
[2025-04-09T15:26:01.492+0000] {subprocess.py:93} INFO - [0m15:26:01  3 of 5 OK created sql table model driven_staging.dim_finance ................... [[32mSELECT 131012[0m in 0.53s]
[2025-04-09T15:26:01.496+0000] {subprocess.py:93} INFO - [0m15:26:01  4 of 5 START sql table model driven_staging.dim_person ......................... [RUN]
[2025-04-09T15:26:02.337+0000] {subprocess.py:93} INFO - [0m15:26:02  4 of 5 OK created sql table model driven_staging.dim_person .................... [[32mSELECT 131012[0m in 0.84s]
[2025-04-09T15:26:02.340+0000] {subprocess.py:93} INFO - [0m15:26:02  5 of 5 START sql table model driven_staging.fact_network_usage ................. [RUN]
[2025-04-09T15:26:02.834+0000] {subprocess.py:93} INFO - [0m15:26:02  5 of 5 OK created sql table model driven_staging.fact_network_usage ............ [[32mSELECT 131012[0m in 0.49s]
[2025-04-09T15:26:02.855+0000] {subprocess.py:93} INFO - [0m15:26:02
[2025-04-09T15:26:02.856+0000] {subprocess.py:93} INFO - [0m15:26:02  Finished running 5 table models in 0 hours 0 minutes and 4.36 seconds (4.36s).
[2025-04-09T15:26:02.941+0000] {subprocess.py:93} INFO - [0m15:26:02
[2025-04-09T15:26:02.942+0000] {subprocess.py:93} INFO - [0m15:26:02  [32mCompleted successfully[0m
[2025-04-09T15:26:02.943+0000] {subprocess.py:93} INFO - [0m15:26:02
[2025-04-09T15:26:02.944+0000] {subprocess.py:93} INFO - [0m15:26:02  Done. PASS=5 WARN=0 ERROR=0 SKIP=0 TOTAL=5
[2025-04-09T15:26:03.953+0000] {subprocess.py:97} INFO - Command exited with return code 0
[2025-04-09T15:26:04.044+0000] {taskinstance.py:340} INFO - ::group::Post task execution logs
[2025-04-09T15:26:04.045+0000] {taskinstance.py:352} INFO - Marking task as SUCCESS. dag_id=extract_raw_data_pipeline, task_id=run_dbt_staging, run_id=manual__2025-04-09T15:25:43.596840+00:00, execution_date=20250409T152543, start_date=20250409T152552, end_date=20250409T152604
[2025-04-09T15:26:04.121+0000] {local_task_job_runner.py:266} INFO - Task exited with return code 0
[2025-04-09T15:26:04.140+0000] {taskinstance.py:3900} INFO - 1 downstream tasks scheduled from follow-on schedule check
[2025-04-09T15:26:04.172+0000] {local_task_job_runner.py:245} INFO - ::endgroup::
